Arguments: 
  C:\Program Files\nodejs\node.exe C:\Users\vulca\AppData\Roaming\npm\node_modules\yarn\bin\yarn.js add *

PATH: 
  C:\Program Files\Common Files\Oracle\Java\javapath;C:\Program Files (x86)\Common Files\Oracle\Java\javapath;C:\Windows\system32;C:\Windows;C:\Windows\System32\Wbem;C:\Windows\System32\WindowsPowerShell\v1.0\;C:\Windows\System32\OpenSSH\;D:\Programas\PICC;C:\Users\vulca\AppData\Local\Programs\Python\Python39;C:\MinGW\bin;D:\Programas\Git\cmd;D:\Programas)\PICC;C:\PROGRA~2\PICC;C:\Program Files\Go\bin;C:\Program Files (x86)\Bitvise SSH Client;C:\Program Files\php-8.1.6;C:\Program Files\nodejs\;C:\Users\vulca\AppData\Local\Programs\Python\Python39\Scripts\;C:\Users\vulca\AppData\Local\Programs\Python\Python39\;C:\Users\vulca\AppData\Local\Microsoft\WindowsApps;D:\Programas\Microsoft VS Code\bin;C:\Users\vulca\go\bin;D:\Programas\JetBrains\GoLand 2021.3\bin;;D:\Programas\flutter\bin;C:\Users\vulca\AppData\Roaming\npm;"C:\Program Files\Java\jdk-18.0.2\bin;";

Yarn version: 
  1.22.19

Node version: 
  16.16.0

Platform: 
  win32 x64

Trace: 
  Error: https://registry.yarnpkg.com/*: Not found
      at Request.params.callback [as _callback] (C:\Users\vulca\AppData\Roaming\npm\node_modules\yarn\lib\cli.js:66145:18)
      at Request.self.callback (C:\Users\vulca\AppData\Roaming\npm\node_modules\yarn\lib\cli.js:140890:22)
      at Request.emit (node:events:527:28)
      at Request.<anonymous> (C:\Users\vulca\AppData\Roaming\npm\node_modules\yarn\lib\cli.js:141862:10)
      at Request.emit (node:events:527:28)
      at IncomingMessage.<anonymous> (C:\Users\vulca\AppData\Roaming\npm\node_modules\yarn\lib\cli.js:141784:12)
      at Object.onceWrapper (node:events:641:28)
      at IncomingMessage.emit (node:events:539:35)
      at endReadableNT (node:internal/streams/readable:1345:12)
      at processTicksAndRejections (node:internal/process/task_queues:83:21)

npm manifest: 
  No manifest

yarn manifest: 
  No manifest

Lockfile: 
  No lockfile
